# JRE version: Java(TM) SE Runtime Environment (8.0_161-b12) (build 1.8.0_161-b12)
# Java VM: Java HotSpot(TM) 64-Bit Server VM (25.161-b12 mixed mode linux-amd64 compressed oops)
Heap:
 PSYoungGen      total 499712K, used 182743K [0x000000071a300000, 0x000000075cc80000, 0x00000007c0000000)
  eden space 223744K, 0% used [0x000000071a300000,0x000000071a300000,0x0000000727d80000)
  from space 275968K, 66% used [0x0000000727d80000,0x0000000732ff5dd0,0x0000000738b00000)
  to   space 357888K, 0% used [0x0000000746f00000,0x0000000746f00000,0x000000075cc80000)
 ParOldGen       total 551936K, used 551538K [0x00000005ce800000, 0x00000005f0300000, 0x000000071a300000)
  object space 551936K, 99% used [0x00000005ce800000,0x00000005f029cbd8,0x00000005f0300000)
 Metaspace       used 40015K, capacity 40607K, committed 40960K, reserved 1085440K
  class space    used 5617K, capacity 5771K, committed 5888K, reserved 1048576K
GC Heap History (10 events):
Event: 6,313 GC heap after
Heap after GC invocations=8 (full 2):
 PSYoungGen      total 215552K, used 20969K [0x000000071a300000, 0x000000073f080000, 0x00000007c0000000)
  eden space 194560K, 0% used [0x000000071a300000,0x000000071a300000,0x0000000726100000)
  from space 20992K, 99% used [0x000000072d000000,0x000000072e47a4d0,0x000000072e480000)
  to   space 113664K, 0% used [0x0000000726100000,0x0000000726100000,0x000000072d000000)
 ParOldGen       total 186880K, used 168644K [0x00000005ce800000, 0x00000005d9e80000, 0x000000071a300000)
  object space 186880K, 90% used [0x00000005ce800000,0x00000005d8cb1088,0x00000005d9e80000)
 Metaspace       used 36447K, capacity 36899K, committed 37376K, reserved 1081344K
  class space    used 5159K, capacity 5279K, committed 5376K, reserved 1048576K
}
Event: 6,313 GC heap before
{Heap before GC invocations=9 (full 3):
 PSYoungGen      total 215552K, used 20969K [0x000000071a300000, 0x000000073f080000, 0x00000007c0000000)
  eden space 194560K, 0% used [0x000000071a300000,0x000000071a300000,0x0000000726100000)
  from space 20992K, 99% used [0x000000072d000000,0x000000072e47a4d0,0x000000072e480000)
  to   space 113664K, 0% used [0x0000000726100000,0x0000000726100000,0x000000072d000000)
 ParOldGen       total 186880K, used 168644K [0x00000005ce800000, 0x00000005d9e80000, 0x000000071a300000)
  object space 186880K, 90% used [0x00000005ce800000,0x00000005d8cb1088,0x00000005d9e80000)
 Metaspace       used 36447K, capacity 36899K, committed 37376K, reserved 1081344K
  class space    used 5159K, capacity 5279K, committed 5376K, reserved 1048576K
Event: 6,765 GC heap after
Heap after GC invocations=9 (full 3):
 PSYoungGen      total 215552K, used 2529K [0x000000071a300000, 0x000000073f080000, 0x00000007c0000000)
  eden space 194560K, 0% used [0x000000071a300000,0x000000071a300000,0x0000000726100000)
  from space 20992K, 12% used [0x000000072d000000,0x000000072d2784f0,0x000000072e480000)
  to   space 113664K, 0% used [0x0000000726100000,0x0000000726100000,0x000000072d000000)
 ParOldGen       total 551936K, used 186810K [0x00000005ce800000, 0x00000005f0300000, 0x000000071a300000)
  object space 551936K, 33% used [0x00000005ce800000,0x00000005d9e6ea98,0x00000005f0300000)
 Metaspace       used 36447K, capacity 36899K, committed 37376K, reserved 1081344K
  class space    used 5159K, capacity 5279K, committed 5376K, reserved 1048576K
}
Event: 6,782 GC heap before
{Heap before GC invocations=10 (full 3):
 PSYoungGen      total 215552K, used 197089K [0x000000071a300000, 0x000000073f080000, 0x00000007c0000000)
  eden space 194560K, 100% used [0x000000071a300000,0x0000000726100000,0x0000000726100000)
  from space 20992K, 12% used [0x000000072d000000,0x000000072d2784f0,0x000000072e480000)
  to   space 113664K, 0% used [0x0000000726100000,0x0000000726100000,0x000000072d000000)
 ParOldGen       total 551936K, used 186810K [0x00000005ce800000, 0x00000005f0300000, 0x000000071a300000)
  object space 551936K, 33% used [0x00000005ce800000,0x00000005d9e6ea98,0x00000005f0300000)
 Metaspace       used 36447K, capacity 36899K, committed 37376K, reserved 1081344K
  class space    used 5159K, capacity 5279K, committed 5376K, reserved 1048576K
Event: 8,524 GC heap after
Heap after GC invocations=10 (full 3):
 PSYoungGen      total 308224K, used 113655K [0x000000071a300000, 0x0000000743d80000, 0x00000007c0000000)
  eden space 194560K, 0% used [0x000000071a300000,0x000000071a300000,0x0000000726100000)
  from space 113664K, 99% used [0x0000000726100000,0x000000072cffdd60,0x000000072d000000)
  to   space 182784K, 0% used [0x0000000738b00000,0x0000000738b00000,0x0000000743d80000)
 ParOldGen       total 551936K, used 268970K [0x00000005ce800000, 0x00000005f0300000, 0x000000071a300000)
  object space 551936K, 48% used [0x00000005ce800000,0x00000005deeaaad8,0x00000005f0300000)
 Metaspace       used 36447K, capacity 36899K, committed 37376K, reserved 1081344K
  class space    used 5159K, capacity 5279K, committed 5376K, reserved 1048576K
}
Event: 8,540 GC heap before
{Heap before GC invocations=11 (full 3):
 PSYoungGen      total 308224K, used 308215K [0x000000071a300000, 0x0000000743d80000, 0x00000007c0000000)
  eden space 194560K, 100% used [0x000000071a300000,0x0000000726100000,0x0000000726100000)
  from space 113664K, 99% used [0x0000000726100000,0x000000072cffdd60,0x000000072d000000)
  to   space 182784K, 0% used [0x0000000738b00000,0x0000000738b00000,0x0000000743d80000)
 ParOldGen       total 551936K, used 268970K [0x00000005ce800000, 0x00000005f0300000, 0x000000071a300000)
  object space 551936K, 48% used [0x00000005ce800000,0x00000005deeaaad8,0x00000005f0300000)
 Metaspace       used 36447K, capacity 36899K, committed 37376K, reserved 1081344K
  class space    used 5159K, capacity 5279K, committed 5376K, reserved 1048576K
Event: 9,981 GC heap after
Heap after GC invocations=11 (full 3):
 PSYoungGen      total 406528K, used 182776K [0x000000071a300000, 0x0000000750380000, 0x00000007c0000000)
  eden space 223744K, 0% used [0x000000071a300000,0x000000071a300000,0x0000000727d80000)
  from space 182784K, 99% used [0x0000000738b00000,0x0000000743d7e3f0,0x0000000743d80000)
  to   space 275968K, 0% used [0x0000000727d80000,0x0000000727d80000,0x0000000738b00000)
 ParOldGen       total 551936K, used 392623K [0x00000005ce800000, 0x00000005f0300000, 0x000000071a300000)
  object space 551936K, 71% used [0x00000005ce800000,0x00000005e676bc08,0x00000005f0300000)
 Metaspace       used 36447K, capacity 36899K, committed 37376K, reserved 1081344K
  class space    used 5159K, capacity 5279K, committed 5376K, reserved 1048576K
}
Event: 12,231 GC heap before
{Heap before GC invocations=12 (full 3):
 PSYoungGen      total 406528K, used 406520K [0x000000071a300000, 0x0000000750380000, 0x00000007c0000000)
  eden space 223744K, 100% used [0x000000071a300000,0x0000000727d80000,0x0000000727d80000)
  from space 182784K, 99% used [0x0000000738b00000,0x0000000743d7e3f0,0x0000000743d80000)
  to   space 275968K, 0% used [0x0000000727d80000,0x0000000727d80000,0x0000000738b00000)
 ParOldGen       total 551936K, used 392623K [0x00000005ce800000, 0x00000005f0300000, 0x000000071a300000)
  object space 551936K, 71% used [0x00000005ce800000,0x00000005e676bc08,0x00000005f0300000)
 Metaspace       used 40026K, capacity 40625K, committed 40960K, reserved 1085440K
  class space    used 5619K, capacity 5774K, committed 5888K, reserved 1048576K
Event: 12,721 GC heap after
Heap after GC invocations=12 (full 3):
 PSYoungGen      total 499712K, used 275962K [0x000000071a300000, 0x000000075cc80000, 0x00000007c0000000)
  eden space 223744K, 0% used [0x000000071a300000,0x000000071a300000,0x0000000727d80000)
  from space 275968K, 99% used [0x0000000727d80000,0x0000000738afeb98,0x0000000738b00000)
  to   space 357888K, 0% used [0x0000000746f00000,0x0000000746f00000,0x000000075cc80000)
 ParOldGen       total 551936K, used 458999K [0x00000005ce800000, 0x00000005f0300000, 0x000000071a300000)
  object space 551936K, 83% used [0x00000005ce800000,0x00000005ea83de20,0x00000005f0300000)
 Metaspace       used 40026K, capacity 40625K, committed 40960K, reserved 1085440K
  class space    used 5619K, capacity 5774K, committed 5888K, reserved 1048576K
}
Event: 12,721 GC heap before
{Heap before GC invocations=13 (full 4):
 PSYoungGen      total 499712K, used 275962K [0x000000071a300000, 0x000000075cc80000, 0x00000007c0000000)
  eden space 223744K, 0% used [0x000000071a300000,0x000000071a300000,0x0000000727d80000)
  from space 275968K, 99% used [0x0000000727d80000,0x0000000738afeb98,0x0000000738b00000)
  to   space 357888K, 0% used [0x0000000746f00000,0x0000000746f00000,0x000000075cc80000)
 ParOldGen       total 551936K, used 458999K [0x00000005ce800000, 0x00000005f0300000, 0x000000071a300000)
  object space 551936K, 83% used [0x00000005ce800000,0x00000005ea83de20,0x00000005f0300000)
 Metaspace       used 40026K, capacity 40625K, committed 40960K, reserved 1085440K
  class space    used 5619K, capacity 5774K, committed 5888K, reserved 1048576K

